<?xml version="1.0" encoding="UTF-8"?>
<!-- Generated by org.testng.reporters.JUnitReportReporter -->
<testsuite hostname="HP-2024" failures="0" tests="1" name="testCases.TC001_RegistrationPage" time="3.712" errors="0" timestamp="2025-06-09T18:53:26 CEST" skipped="0">
  <testcase classname="testCases.TC001_RegistrationPage" name="Registeration" time="3.712"/>
</testsuite> <!-- testCases.TC001_RegistrationPage -->
