<?xml version="1.0" encoding="UTF-8"?>
<!-- Generated by org.testng.reporters.JUnitReportReporter -->
<testsuite hostname="HP-2024" failures="0" tests="1" name="testCases.TC_002LoginTest" time="1.825" errors="0" timestamp="2025-06-09T18:53:26 CEST" skipped="0">
  <testcase classname="testCases.TC_002LoginTest" name="Verify_login" time="1.825"/>
</testsuite> <!-- testCases.TC_002LoginTest -->
